<?xml version="1.0" encoding="UTF-8"?>
<!-- Generated by org.testng.reporters.JUnitReportReporter -->
<testsuite hostname="KAMAL-REDDY" name="Runner.Test_Runner" tests="1" failures="0" timestamp="29 Aug 2018 11:02:14 GMT" time="0.048" errors="0">
  <testcase name="test" time="0.048" classname="Runner.Test_Runner"/>
</testsuite> <!-- Runner.Test_Runner -->
